This is XeTeX, Version 3.141592653-2.6-0.999994 (TeX Live 2022) (preloaded format=xelatex 2022.7.25)  16 OCT 2022 16:19
entering extended mode
 restricted \write18 enabled.
 %&-line parsing enabled.
**main
(c:/Program Files/texlive/2022/texmf-dist/tex/latex/tools/x.tex
LaTeX2e <2022-06-01> patch level 5
L3 programming layer <2022-07-15>
! .
l.38   \batchmode \errmessage{}
                               \csname @@end\endcsname \end
This error message was generated by an \errmessage
command, so I can't give any explicit help.
Pretend that you're Hercule Poirot: Examine all clues,
and deduce the truth by order and method.

 ) 
Here is how much of TeX's memory you used:
 18 strings out of 477864
 447 string characters out of 5846125
 299333 words of memory out of 5000000
 21050 multiletter control sequences out of 15000+600000
 469259 words of font info for 28 fonts, out of 8000000 for 9000
 14 hyphenation exceptions out of 8191
 12i,0n,12p,84b,10s stack positions out of 10000i,1000n,20000p,200000b,200000s

No pages of output.
